[Mon Mar 04 09:45:08.353575 2019] [ssl:warn] [pid 20172:tid 616] AH01906: main-serveur:443:0 server certificate is a CA certificate (BasicConstraints: CA == TRUE !?)
[Mon Mar 04 09:45:08.354576 2019] [ssl:warn] [pid 20172:tid 616] AH01909: main-serveur:443:0 server certificate does NOT include an ID which matches the server name
[Mon Mar 04 09:45:08.568972 2019] [ssl:warn] [pid 20172:tid 616] AH01873: Init: Session Cache is not configured [hint: SSLSessionCache]
[Mon Mar 04 09:45:08.569970 2019] [ssl:warn] [pid 20172:tid 616] AH01906: main-serveur:443:0 server certificate is a CA certificate (BasicConstraints: CA == TRUE !?)
[Mon Mar 04 09:45:08.569970 2019] [ssl:warn] [pid 20172:tid 616] AH01909: main-serveur:443:0 server certificate does NOT include an ID which matches the server name
[Mon Mar 04 09:45:08.619859 2019] [mpm_winnt:notice] [pid 20172:tid 616] AH00455: Apache/2.4.18 (Win32) OpenSSL/1.0.2f PHP/5.6.18 configured -- resuming normal operations
[Mon Mar 04 09:45:08.619859 2019] [mpm_winnt:notice] [pid 20172:tid 616] AH00456: Server built: Jan 28 2016 09:58:25
[Mon Mar 04 09:45:08.619859 2019] [core:notice] [pid 20172:tid 616] AH00094: Command line: 'D:\\UwAmp\\bin\\apache\\bin\\httpd.exe -d D:/UwAmp/bin/apache -f D:\\UwAmp\\bin\\apache\\conf\\httpd.conf'
[Mon Mar 04 09:45:08.623859 2019] [mpm_winnt:notice] [pid 20172:tid 616] AH00418: Parent: Created child process 1964
[Mon Mar 04 09:45:10.079932 2019] [ssl:warn] [pid 1964:tid 612] AH01906: main-serveur:443:0 server certificate is a CA certificate (BasicConstraints: CA == TRUE !?)
[Mon Mar 04 09:45:10.080929 2019] [ssl:warn] [pid 1964:tid 612] AH01909: main-serveur:443:0 server certificate does NOT include an ID which matches the server name
[Mon Mar 04 09:45:10.287375 2019] [ssl:warn] [pid 1964:tid 612] AH01873: Init: Session Cache is not configured [hint: SSLSessionCache]
[Mon Mar 04 09:45:10.287375 2019] [ssl:warn] [pid 1964:tid 612] AH01906: main-serveur:443:0 server certificate is a CA certificate (BasicConstraints: CA == TRUE !?)
[Mon Mar 04 09:45:10.287375 2019] [ssl:warn] [pid 1964:tid 612] AH01909: main-serveur:443:0 server certificate does NOT include an ID which matches the server name
[Mon Mar 04 09:45:10.321375 2019] [mpm_winnt:notice] [pid 1964:tid 612] AH00354: Child: Starting 64 worker threads.
[Mon Mar 04 09:46:10.625590 2019] [mpm_winnt:warn] [pid 1964:tid 724] (OS 64)The specified network name is no longer available.  : AH00341: winnt_accept: Asynchronous AcceptEx failed.
[Mon Mar 04 09:46:10.627585 2019] [mpm_winnt:warn] [pid 1964:tid 724] (OS 64)The specified network name is no longer available.  : AH00341: winnt_accept: Asynchronous AcceptEx failed.
[Mon Mar 04 09:47:12.470109 2019] [mpm_winnt:crit] [pid 1964:tid 612] AH02538: Child: Parent process exited abruptly. Child process is ending
[Mon Mar 04 09:47:12.470109 2019] [mpm_winnt:warn] [pid 1964:tid 1484] (OS 995)The I/O operation has been aborted because of either a thread exit or an application request.  : AH00341: winnt_accept: Asynchronous AcceptEx failed.
[Mon Mar 04 09:47:12.470109 2019] [mpm_winnt:warn] [pid 1964:tid 1456] (OS 995)The I/O operation has been aborted because of either a thread exit or an application request.  : AH00341: winnt_accept: Asynchronous AcceptEx failed.
[Mon Mar 04 09:47:12.470834 2019] [mpm_winnt:warn] [pid 1964:tid 1508] (OS 995)The I/O operation has been aborted because of either a thread exit or an application request.  : AH00341: winnt_accept: Asynchronous AcceptEx failed.
[Mon Mar 04 09:47:12.470834 2019] [mpm_winnt:warn] [pid 1964:tid 724] (OS 995)The I/O operation has been aborted because of either a thread exit or an application request.  : AH00341: winnt_accept: Asynchronous AcceptEx failed.
